<?xml version="1.0" encoding="UTF-8"?>
<!-- Generated by org.testng.reporters.JUnitReportReporter -->
<testsuite hostname="DESKTOP-J6F739S" failures="0" tests="1" name="org.CRO.EMICollected_page" time="22.321" errors="0" timestamp="2024-10-14T12:32:35 IST" skipped="0">
  <testcase classname="org.CRO.EMICollected_page" name="tc1" time="22.321"/>
</testsuite> <!-- org.CRO.EMICollected_page -->
