<?xml version="1.0" encoding="UTF-8"?>
<!-- Generated by org.testng.reporters.JUnitReportReporter -->
<testsuite hostname="DESKTOP-J6F739S" failures="0" tests="1" name="org.CRO.Home_page" time="22.579" errors="0" timestamp="2024-10-14T12:40:28 IST" skipped="0">
  <testcase classname="org.CRO.Home_page" name="tc1" time="22.579"/>
</testsuite> <!-- org.CRO.Home_page -->
