<?xml version="1.0" encoding="UTF-8"?>
<!-- Generated by org.testng.reporters.JUnitReportReporter -->
<testsuite hostname="DESKTOP-J6F739S" failures="0" tests="1" name="org.CRO.Logout_page" time="23.563" errors="0" timestamp="2024-10-14T12:56:14 IST" skipped="0">
  <testcase classname="org.CRO.Logout_page" name="tc1" time="23.563"/>
</testsuite> <!-- org.CRO.Logout_page -->
