<?xml version="1.0" encoding="UTF-8"?>
<!-- Generated by org.testng.reporters.JUnitReportReporter -->
<testsuite hostname="DESKTOP-J6F739S" failures="0" tests="1" name="org.branchmanager.pending_page2" time="36.762" errors="0" timestamp="2024-10-14T14:33:32 IST" skipped="0">
  <testcase classname="org.branchmanager.pending_page2" name="tc1" time="36.762"/>
</testsuite> <!-- org.branchmanager.pending_page2 -->
