<?xml version="1.0" encoding="UTF-8"?>
<!-- Generated by org.testng.reporters.JUnitReportReporter -->
<testsuite hostname="DESKTOP-J6F739S" failures="0" tests="1" name="org.branchmanager.home_page" time="24.373" errors="0" timestamp="2024-10-14T15:21:13 IST" skipped="0">
  <testcase classname="org.branchmanager.home_page" name="tc1" time="24.373"/>
</testsuite> <!-- org.branchmanager.home_page -->
