<?xml version="1.0" encoding="UTF-8"?>
<!-- Generated by org.testng.reporters.JUnitReportReporter -->
<testsuite hostname="DESKTOP-J6F739S" failures="0" tests="1" name="org.branchmanager.Logout_page" time="25.090" errors="0" timestamp="2024-10-14T12:57:58 IST" skipped="0">
  <testcase classname="org.branchmanager.Logout_page" name="tc1" time="25.090"/>
</testsuite> <!-- org.branchmanager.Logout_page -->
