<?xml version="1.0" encoding="UTF-8"?>
<!-- Generated by org.testng.reporters.JUnitReportReporter -->
<testsuite hostname="DESKTOP-J6F739S" failures="0" tests="1" name="org.CRO.receipt_page" time="34.074" errors="0" timestamp="2024-10-14T12:28:30 IST" skipped="0">
  <testcase classname="org.CRO.receipt_page" name="tc1" time="34.074"/>
</testsuite> <!-- org.CRO.receipt_page -->
