<?xml version="1.0" encoding="UTF-8"?>
<!-- Generated by org.testng.reporters.JUnitReportReporter -->
<testsuite hostname="DESKTOP-J6F739S" failures="0" tests="1" name="org.CRO.RetriggerPage" time="27.139" errors="0" timestamp="2024-10-14T13:41:01 IST" skipped="0">
  <testcase classname="org.CRO.RetriggerPage" name="tc1" time="27.139"/>
</testsuite> <!-- org.CRO.RetriggerPage -->
