<?xml version="1.0" encoding="UTF-8"?>
<!-- Generated by org.testng.reporters.JUnitReportReporter -->
<testsuite hostname="DESKTOP-J6F739S" failures="0" tests="1" name="org.CRO.EMIpending_page" time="26.130" errors="0" timestamp="2024-10-14T12:35:03 IST" skipped="0">
  <testcase classname="org.CRO.EMIpending_page" name="tc1" time="26.130"/>
</testsuite> <!-- org.CRO.EMIpending_page -->
