<?xml version="1.0" encoding="UTF-8"?>
<!-- Generated by org.testng.reporters.JUnitReportReporter -->
<testsuite hostname="DESKTOP-J6F739S" failures="0" tests="1" name="org.CRO.pending_page" time="26.819" errors="0" timestamp="2024-10-14T13:18:23 IST" skipped="0">
  <testcase classname="org.CRO.pending_page" name="tc1" time="26.819"/>
</testsuite> <!-- org.CRO.pending_page -->
