<?xml version="1.0" encoding="UTF-8"?>
<!-- Generated by org.testng.reporters.JUnitReportReporter -->
<testsuite hostname="DESKTOP-J6F739S" failures="0" tests="1" name="org.branchmanager.pending_page" time="35.163" errors="0" timestamp="2024-10-14T13:30:27 IST" skipped="0">
  <testcase classname="org.branchmanager.pending_page" name="tc1" time="35.163"/>
</testsuite> <!-- org.branchmanager.pending_page -->
